<?xml version="1.0" encoding="UTF-8"?>
<!-- Generated by org.testng.reporters.JUnitXMLReporter -->
<testsuite ignored="1" hostname="LAPTOP-0KH9H061" failures="0" tests="2" name="Default test" time="144.727" errors="0" timestamp="2024-04-16T02:22:12 IST">
  <testcase classname="automationTest.tests.SubmitOrderTestviaJson" name="submitOrder" time="60.782"/>
  <testcase classname="automationTest.tests.SubmitOrderTestviaJson" name="submitOrder" time="60.425"/>
  <testcase classname="automationTest.tests.SubmitOrderTestviaJson" name="displayOrder" time="0.0">
    <ignored/>
  </testcase> <!-- displayOrder -->
</testsuite> <!-- Default test -->
