<?xml version="1.0" encoding="UTF-8"?>
<!-- Generated by org.testng.reporters.JUnitXMLReporter -->
<testsuite ignored="2" hostname="LAPTOP-0KH9H061" failures="0" tests="0" time="0.001" errors="0" timestamp="2024-04-16T02:25:34 IST">
  <testcase classname="automationTest.tests.ErrorValidationTest" name="loginErrorValidation" time="0.0">
    <ignored/>
  </testcase> <!-- loginErrorValidation -->
  <testcase classname="automationTest.tests.ErrorValidationTest" name="productErrorValidation" time="0.0">
    <ignored/>
  </testcase> <!-- productErrorValidation -->
</testsuite>
