<?xml version="1.0" encoding="UTF-8"?>
<!-- Generated by org.testng.reporters.JUnitXMLReporter -->
<testsuite ignored="1" hostname="LAPTOP-0KH9H061" failures="0" tests="2" name="SubmitOrderviaJSON" time="148.118" errors="0" timestamp="2024-04-16T02:25:34 IST">
  <testcase classname="automationTest.tests.SubmitOrderTestviaJson" name="submitOrder" time="62.317"/>
  <testcase classname="automationTest.tests.SubmitOrderTestviaJson" name="submitOrder" time="60.316"/>
  <testcase classname="automationTest.tests.SubmitOrderTestviaJson" name="displayOrder" time="0.0">
    <ignored/>
  </testcase> <!-- displayOrder -->
</testsuite> <!-- SubmitOrderviaJSON -->
