<?xml version="1.0" encoding="UTF-8"?>
<testng-results ignored="0" total="2" passed="2" failed="0" skipped="0">
  <reporter-output>
  </reporter-output>
  <suite started-at="2024-04-16T02:23:06 IST" name="Suite" finished-at="2024-04-16T02:25:34 IST" duration-ms="148230">
    <groups>
      <group name="PurchaseOrder">
        <method signature="SubmitOrderTestviaJson.submitOrder(java.util.HashMap)[pri:0, instance:automationTest.tests.SubmitOrderTestviaJson@35dab4eb]" name="submitOrder" class="automationTest.tests.SubmitOrderTestviaJson"/>
      </group> <!-- PurchaseOrder -->
    </groups>
    <test started-at="2024-04-16T02:23:06 IST" name="SubmitOrderviaJSON" finished-at="2024-04-16T02:25:34 IST" duration-ms="148118">
      <class name="automationTest.tests.SubmitOrderTestviaJson">
        <test-method is-config="true" signature="launchApplication()[pri:0, instance:automationTest.tests.SubmitOrderTestviaJson@35dab4eb]" started-at="2024-04-16T02:23:06 IST" name="launchApplication" finished-at="2024-04-16T02:23:16 IST" duration-ms="10248" status="PASS">
          <reporter-output>
          </reporter-output>
        </test-method> <!-- launchApplication -->
        <test-method signature="submitOrder(java.util.HashMap)[pri:0, instance:automationTest.tests.SubmitOrderTestviaJson@35dab4eb]" started-at="2024-04-16T02:23:16 IST" name="submitOrder" data-provider="getData" finished-at="2024-04-16T02:24:19 IST" duration-ms="62317" status="PASS">
          <params>
            <param index="0">
              <value>
                <![CDATA[{password=Iamking@000, email=anshika@gmail.com}]]>
              </value>
            </param>
          </params>
          <reporter-output>
          </reporter-output>
        </test-method> <!-- submitOrder -->
        <test-method is-config="true" signature="tearDown()[pri:0, instance:automationTest.tests.SubmitOrderTestviaJson@35dab4eb]" started-at="2024-04-16T02:24:19 IST" name="tearDown" finished-at="2024-04-16T02:24:21 IST" duration-ms="2044" status="PASS">
          <reporter-output>
          </reporter-output>
        </test-method> <!-- tearDown -->
        <test-method is-config="true" signature="launchApplication()[pri:0, instance:automationTest.tests.SubmitOrderTestviaJson@35dab4eb]" started-at="2024-04-16T02:24:21 IST" name="launchApplication" finished-at="2024-04-16T02:24:33 IST" duration-ms="12593" status="PASS">
          <reporter-output>
          </reporter-output>
        </test-method> <!-- launchApplication -->
        <test-method signature="submitOrder(java.util.HashMap)[pri:0, instance:automationTest.tests.SubmitOrderTestviaJson@35dab4eb]" started-at="2024-04-16T02:24:33 IST" name="submitOrder" data-provider="getData" finished-at="2024-04-16T02:25:34 IST" duration-ms="60316" status="PASS">
          <params>
            <param index="0">
              <value>
                <![CDATA[{password=Jack145@, email=anasha@gmail.com}]]>
              </value>
            </param>
          </params>
          <reporter-output>
          </reporter-output>
        </test-method> <!-- submitOrder -->
        <test-method is-config="true" signature="tearDown()[pri:0, instance:automationTest.tests.SubmitOrderTestviaJson@35dab4eb]" started-at="2024-04-16T02:25:34 IST" name="tearDown" finished-at="2024-04-16T02:25:34 IST" duration-ms="155" status="PASS">
          <reporter-output>
          </reporter-output>
        </test-method> <!-- tearDown -->
      </class> <!-- automationTest.tests.SubmitOrderTestviaJson -->
    </test> <!-- SubmitOrderviaJSON -->
    <test started-at="2024-04-16T02:25:34 IST" name="ErrorValidationOrder" finished-at="2024-04-16T02:25:34 IST" duration-ms="1">
    </test> <!-- ErrorValidationOrder -->
  </suite> <!-- Suite -->
</testng-results>
